<?xml version="1.0" encoding="UTF-8"?>
<!-- Generated by org.testng.reporters.JUnitXMLReporter -->
<testsuite hostname="MyMacs-MBP-2.fios-router.home" name="Hotels.com Functional Regression Test" tests="2" failures="0" timestamp="26 Jul 2020 23:49:48 GMT" time="41.233" errors="0">
  <testcase name="verifyMainPageTitleTest" time="5.411" classname="com.qa.hotels.tests.HomePageTest"/>
  <testcase name="fillFormTest" time="3.915" classname="com.qa.hotels.tests.HomePageTest"/>
</testsuite> <!-- Hotels.com Functional Regression Test -->
