<?xml version="1.0" encoding="UTF-8"?>
<testng-results skipped="0" failed="0" total="2" passed="2">
  <reporter-output>
  </reporter-output>
  <suite name="Default suite" duration-ms="34317" started-at="2020-07-30T01:56:55Z" finished-at="2020-07-30T01:57:29Z">
    <groups>
    </groups>
    <test name="Default test" duration-ms="34317" started-at="2020-07-30T01:56:55Z" finished-at="2020-07-30T01:57:29Z">
      <class name="com.qa.hotels.tests.HomePageTest">
        <test-method status="PASS" signature="setUp()[pri:0, instance:com.qa.hotels.tests.HomePageTest@dfddc9a]" name="setUp" is-config="true" duration-ms="21909" started-at="2020-07-29T21:56:55Z" finished-at="2020-07-29T21:57:17Z">
          <reporter-output>
          </reporter-output>
        </test-method> <!-- setUp -->
        <test-method status="PASS" signature="verifyMainPageTitleTest()[pri:1, instance:com.qa.hotels.tests.HomePageTest@dfddc9a]" name="verifyMainPageTitleTest" duration-ms="5228" started-at="2020-07-29T21:57:17Z" finished-at="2020-07-29T21:57:22Z">
          <reporter-output>
          </reporter-output>
        </test-method> <!-- verifyMainPageTitleTest -->
        <test-method status="PASS" signature="fillFormTest()[pri:2, instance:com.qa.hotels.tests.HomePageTest@dfddc9a]" name="fillFormTest" duration-ms="6194" started-at="2020-07-29T21:57:22Z" finished-at="2020-07-29T21:57:29Z">
          <reporter-output>
          </reporter-output>
        </test-method> <!-- fillFormTest -->
        <test-method status="PASS" signature="tearDown()[pri:0, instance:com.qa.hotels.tests.HomePageTest@dfddc9a]" name="tearDown" is-config="true" duration-ms="553" started-at="2020-07-29T21:57:29Z" finished-at="2020-07-29T21:57:29Z">
          <reporter-output>
          </reporter-output>
        </test-method> <!-- tearDown -->
      </class> <!-- com.qa.hotels.tests.HomePageTest -->
    </test> <!-- Default test -->
  </suite> <!-- Default suite -->
</testng-results>
